[2015-03-15 17:52:51] START
[2015-03-15 17:53:27] EDIT Roomie/controllers/default.py: 0
[2015-03-15 17:55:40] EDIT Roomie/views/layout.html: -21
[2015-03-15 17:55:52] EDIT Roomie/views/layout.html: 21
[2015-03-15 17:56:38] EDIT Roomie/views/layout.html: 0
[2015-03-15 17:57:10] EDIT Roomie/views/layout.html: -1
[2015-03-15 17:57:28] EDIT Roomie/views/layout.html: 1
[2015-03-15 17:59:12] EDIT Roomie/views/layout.html: 2
[2015-03-15 18:05:31] CREATE home.py: 0
[2015-03-15 18:07:10] EDIT Roomie/controllers/default.py: 1
[2015-03-15 18:08:32] EDIT Roomie/controllers/home.py: 1
[2015-03-15 18:08:54] CREATE home.html: 0
[2015-03-15 18:09:38] EDIT Roomie/controllers/home.py: 1
[2015-03-15 18:09:51] EDIT Roomie/views/home.html: 0
[2015-03-15 18:22:17] EDIT Roomie/views/layout.html: 3
[2015-03-15 18:22:43] EDIT Roomie/views/layout.html: 0
[2015-03-15 18:23:00] EDIT Roomie/views/layout.html: 0
[2015-03-15 18:23:28] EDIT Roomie/views/layout.html: 0
[2015-03-15 18:24:18] EDIT Roomie/views/layout.html: 0
[2015-03-15 18:26:31] EDIT Roomie/views/layout.html: 0
[2015-03-15 18:26:48] EDIT Roomie/views/layout.html: 0
[2015-03-15 18:30:19] EDIT Roomie/static/css/web2py_bootstrap_nojs.css: 0
[2015-03-15 18:30:36] EDIT Roomie/static/css/web2py_bootstrap_nojs.css: 0
[2015-03-15 18:36:11] EDIT Roomie/views/layout.html: 0
[2015-03-15 18:36:24] EDIT Roomie/views/layout.html: 0
[2015-03-15 18:36:39] EDIT Roomie/views/layout.html: 0
[2015-03-15 18:38:18] EDIT Roomie/views/home.html: -1
[2015-03-15 18:38:49] EDIT Roomie/views/layout.html: -9
[2015-03-15 18:40:59] EDIT Roomie/views/home.html: -1
[2015-03-15 18:41:07] EDIT Roomie/views/home.html: 2
[2015-03-15 18:41:18] EDIT Roomie/views/home.html: 3
[2015-03-15 18:41:25] EDIT Roomie/views/home.html: -3
[2015-03-15 18:42:05] EDIT Roomie/controllers/home.py: 3
[2015-03-15 18:42:23] EDIT Roomie/controllers/default.py: 0
[2015-03-15 18:43:02] EDIT Roomie/controllers/default.py: 0
[2015-03-15 18:44:52] EDIT Roomie/views/layout.html: 2
[2015-03-15 18:45:11] EDIT Roomie/views/layout.html: 0
[2015-03-15 18:47:17] EDIT Roomie/views/layout.html: -5
[2015-03-15 18:47:33] EDIT Roomie/views/layout.html: 5
[2015-03-15 18:50:22] EDIT Roomie/views/layout.html: -5
[2015-03-15 18:50:41] EDIT Roomie/views/layout.html: 4
[2015-03-15 18:50:47] EDIT Roomie/views/layout.html: 1
[2015-03-15 18:51:00] EDIT Roomie/views/layout.html: -1
[2015-03-15 18:51:06] EDIT Roomie/views/layout.html: 1
[2015-03-15 18:54:36] EDIT Roomie/views/layout.html: -18
[2015-03-15 18:54:50] EDIT Roomie/views/layout.html: 18
[2015-03-15 19:18:02] EDIT Roomie/views/layout.html: -18
[2015-03-15 19:18:25] EDIT Roomie/views/layout.html: -2
[2015-03-15 19:18:34] EDIT Roomie/views/layout.html: 0
[2015-03-15 19:26:36] EDIT Roomie/controllers/home.py: 5
[2015-03-15 19:26:54] EDIT Roomie/views/home.html: 0
[2015-03-15 19:27:35] EDIT Roomie/controllers/home.py: -1
[2015-03-15 19:27:54] EDIT Roomie/controllers/home.py: 0
[2015-03-15 19:31:38] EDIT Roomie/controllers/home.py: 6
[2015-03-15 19:31:48] EDIT Roomie/controllers/home.py: 0
[2015-03-15 19:47:28] EDIT Roomie/views/default/user.html: 2
[2015-03-15 19:49:52] EDIT Roomie/views/layout.html: 0
[2015-03-15 19:50:03] EDIT Roomie/views/default/user.html: -2
[2015-03-15 19:53:12] EDIT Roomie/views/layout.html: 0
[2015-03-15 19:53:33] EDIT Roomie/views/layout.html: 0
[2015-03-15 19:53:43] EDIT Roomie/views/layout.html: 0
[2015-03-15 19:59:18] EDIT Roomie/views/layout.html: -7
[2015-03-15 19:59:44] EDIT Roomie/views/layout.html: 0
[2015-03-15 20:00:27] CREATE user_profile.py: 0
[2015-03-15 20:12:00] EDIT Roomie/models/user_profile.py: 26
[2015-03-15 20:12:18] CREATE profile.py: 0
[2015-03-15 20:18:03] EDIT Roomie/controllers/profile.py: 5
[2015-03-15 20:18:11] EDIT Roomie/controllers/profile.py: 0
[2015-03-15 20:18:36] EDIT Roomie/controllers/profile.py: -1
[2015-03-15 20:20:01] EDIT Roomie/controllers/profile.py: 0
[2015-03-15 20:20:03] EDIT Roomie/controllers/profile.py: 0
[2015-03-15 20:20:03] EDIT Roomie/controllers/profile.py: 0
[2015-03-15 20:20:46] EDIT Roomie/controllers/profile.py: 0
[2015-03-15 20:21:52] EDIT Roomie/controllers/profile.py: 4
[2015-03-15 20:22:38] EDIT Roomie/models/user_profile.py: 0
[2015-03-15 20:23:05] EDIT Roomie/controllers/profile.py: 0
[2015-03-15 20:23:31] EDIT Roomie/controllers/profile.py: 0
[2015-03-15 20:46:28] EDIT Roomie/controllers/home.py: -9
[2015-03-15 20:46:33] EDIT Roomie/controllers/home.py: 0
[2015-03-15 20:50:34] EDIT Roomie/controllers/home.py: 1
[2015-03-15 20:50:38] EDIT Roomie/controllers/home.py: 0
[2015-03-15 20:51:00] EDIT Roomie/controllers/profile.py: 3
[2015-03-15 20:51:06] EDIT Roomie/controllers/profile.py: -1
[2015-03-15 20:51:28] EDIT Roomie/controllers/home.py: 0
[2015-03-15 20:51:44] EDIT Roomie/controllers/home.py: 0
[2015-03-15 20:52:10] EDIT Roomie/controllers/default.py: 0
[2015-03-15 20:53:21] EDIT Roomie/controllers/profile.py: 0
[2015-03-15 20:53:37] EDIT Roomie/controllers/profile.py: 0
[2015-03-15 20:53:49] EDIT Roomie/controllers/profile.py: 0
[2015-03-15 20:54:53] EDIT Roomie/controllers/profile.py: 0
[2015-03-15 20:55:34] EDIT Roomie/controllers/profile.py: 1
[2015-03-15 20:56:07] EDIT Roomie/controllers/profile.py: 0
[2015-03-15 20:57:59] EDIT Roomie/models/user_profile.py: 3
[2015-03-15 20:58:26] CREATE profile.html: 0
[2015-03-15 20:58:30] EDIT Roomie/views/profile.html: 0
[2015-03-15 20:59:55] EDIT Roomie/models/user_profile.py: -3
[2015-03-15 21:00:13] EDIT Roomie/controllers/profile.py: 3
[2015-03-15 21:00:27] EDIT Roomie/controllers/profile.py: -8
[2015-03-15 21:00:58] EDIT Roomie/controllers/default.py: 0
[2015-03-15 21:01:14] EDIT Roomie/controllers/profile.py: 4
[2015-03-15 21:01:26] CREATE view_profile.html: 0
[2015-03-15 21:02:06] EDIT Roomie/views/view_profile.html: 0
[2015-03-15 21:03:03] EDIT Roomie/views/view_profile.html: 1
[2015-03-15 21:03:43] EDIT Roomie/controllers/profile.py: 2
[2015-03-15 21:04:18] EDIT Roomie/controllers/profile.py: 0
[2015-03-15 21:04:21] EDIT Roomie/controllers/profile.py: 0
[2015-03-15 21:04:35] EDIT Roomie/views/view_profile.html: 0
[2015-03-15 21:05:10] EDIT Roomie/controllers/profile.py: 0
[2015-03-15 21:05:24] EDIT Roomie/controllers/profile.py: 0
[2015-03-15 21:06:04] EDIT Roomie/views/view_profile.html: 0
[2015-03-15 21:06:21] EDIT Roomie/views/view_profile.html: 0
[2015-03-15 21:07:08] EDIT Roomie/views/view_profile.html: 2
[2015-03-15 21:08:05] DELETE Roomie/views/profile.html: -3
[2015-03-15 21:10:16] CREATE profile/view_profile.html: 0
[2015-03-15 21:10:26] EDIT Roomie/views/profile/view_profile.html: 3
[2015-03-15 21:10:52] EDIT Roomie/views/profile/view_profile.html: 1
[2015-03-15 21:11:24] EDIT Roomie/views/profile/view_profile.html: 2
[2015-03-15 21:15:17] EDIT Roomie/controllers/profile.py: 5
[2015-03-15 21:15:37] CREATE profile/create_profile.py: 0
[2015-03-15 21:15:59] EDIT Roomie/models/profile/create_profile.py: 1
[2015-03-15 21:16:23] CREATE profile/create_profile.html.py: 0
[2015-03-15 21:16:42] EDIT Roomie/models/profile/create_profile.html.py: 4
[2015-03-15 21:17:22] DELETE Roomie/models/profile/create_profile.html.py: -4
[2015-03-15 21:17:27] DELETE Roomie/models/profile/create_profile.py: -1
[2015-03-15 21:17:44] CREATE profile/create_profile.html: 0
[2015-03-15 21:18:09] EDIT Roomie/views/profile/create_profile.html: 1
[2015-03-15 21:23:32] EDIT Roomie/controllers/profile.py: 3
[2015-03-15 21:23:41] EDIT Roomie/controllers/profile.py: -1
[2015-03-15 21:24:44] EDIT Roomie/controllers/profile.py: 0
[2015-03-15 21:26:08] EDIT Roomie/views/profile/view_profile.html: 2
[2015-03-15 21:26:44] EDIT Roomie/controllers/profile.py: 0
[2015-03-15 21:28:04] EDIT Roomie/controllers/profile.py: 0
[2015-03-15 21:28:28] EDIT Roomie/views/profile/view_profile.html: 1
[2015-03-15 21:29:37] EDIT Roomie/views/profile/view_profile.html: -1
[2015-03-15 21:30:01] EDIT Roomie/controllers/profile.py: 0
[2015-03-15 21:34:13] EDIT Roomie/views/layout.html: -1
[2015-03-15 21:34:21] EDIT Roomie/views/layout.html: 1
[2015-03-15 21:34:50] EDIT Roomie/views/layout.html: -8
[2015-03-15 21:35:42] EDIT Roomie/views/layout.html: 9
[2015-03-15 21:40:01] EDIT Roomie/views/profile/view_profile.html: 3
[2015-03-15 21:40:22] EDIT Roomie/views/profile/view_profile.html: 2
[2015-03-15 21:44:09] EDIT Roomie/views/profile/view_profile.html: 1
[2015-03-15 21:45:02] EDIT Roomie/views/profile/view_profile.html: 4
[2015-03-15 21:45:43] EDIT Roomie/views/profile/view_profile.html: 0
[2015-03-15 21:45:50] EDIT Roomie/views/profile/create_profile.html: 0
[2015-03-15 22:49:03] EDIT Roomie/controllers/profile.py: 9
[2015-03-15 22:49:18] EDIT Roomie/controllers/profile.py: 0
[2015-03-15 22:49:37] EDIT Roomie/controllers/profile.py: 0
[2015-03-15 22:51:53] EDIT Roomie/controllers/profile.py: 11
[2015-03-15 22:52:09] EDIT Roomie/controllers/profile.py: 0
[2015-03-15 22:52:11] EDIT Roomie/controllers/profile.py: 0
[2015-03-15 22:52:17] EDIT Roomie/controllers/profile.py: 0
[2015-03-15 22:59:02] EDIT Roomie/controllers/profile.py: 1
[2015-03-15 23:00:35] EDIT Roomie/controllers/profile.py: -1
[2015-03-15 23:03:15] EDIT Roomie/controllers/profile.py: 2
[2015-03-15 23:03:45] EDIT Roomie/views/profile/view_profile.html: 0
[2015-03-15 23:04:24] EDIT Roomie/controllers/profile.py: 0
[2015-03-15 23:06:29] EDIT Roomie/controllers/default.py: 1
[2015-03-15 23:07:32] EDIT Roomie/views/profile/view_profile.html: 0
[2015-03-15 23:07:57] EDIT Roomie/controllers/profile.py: -2
[2015-03-15 23:08:07] EDIT Roomie/views/profile/view_profile.html: 0
[2015-03-15 23:08:28] EDIT Roomie/views/profile/view_profile.html: 0
[2015-03-15 23:08:36] EDIT Roomie/views/profile/view_profile.html: 0
[2015-03-15 23:09:08] EDIT Roomie/views/profile/view_profile.html: 0
[2015-03-15 23:09:24] EDIT Roomie/views/profile/view_profile.html: 1
[2015-03-15 23:14:02] EDIT Roomie/views/profile/view_profile.html: -6
[2015-03-15 23:14:33] EDIT Roomie/views/profile/view_profile.html: 0
[2015-03-15 23:14:53] EDIT Roomie/views/profile/view_profile.html: 0
[2015-03-15 23:14:59] EDIT Roomie/views/profile/view_profile.html: 0
[2015-03-15 23:15:13] EDIT Roomie/views/profile/view_profile.html: 0
[2015-03-15 23:15:36] EDIT Roomie/views/profile/view_profile.html: 0
[2015-03-15 23:15:58] EDIT Roomie/views/profile/view_profile.html: 2
[2015-03-15 23:16:06] EDIT Roomie/views/profile/view_profile.html: 1
[2015-03-15 23:17:20] EDIT Roomie/controllers/home.py: 0
[2015-03-15 23:22:33] EDIT Roomie/views/profile/view_profile.html: 0
[2015-03-15 23:27:46] EDIT Roomie/views/layout.html: 1
[2015-03-15 23:28:15] EDIT Roomie/views/layout.html: 0
[2015-03-15 23:28:47] EDIT Roomie/views/layout.html: 0
[2015-03-15 23:29:23] EDIT Roomie/views/layout.html: 2
[2015-03-15 23:30:46] EDIT Roomie/views/layout.html: 3
[2015-03-15 23:31:33] EDIT Roomie/views/layout.html: 0
[2015-03-15 23:33:25] EDIT Roomie/views/layout.html: 1
[2015-03-15 23:34:20] EDIT Roomie/views/layout.html: -3
[2015-03-15 23:34:32] EDIT Roomie/views/layout.html: 0
[2015-03-15 23:38:21] EDIT Roomie/views/layout.html: 0
[2015-03-15 23:38:30] EDIT Roomie/views/layout.html: 0
[2015-03-15 23:38:43] EDIT Roomie/views/layout.html: 0
[2015-03-15 23:38:59] EDIT Roomie/views/layout.html: 0
[2015-03-16 22:46:41] EDIT Roomie/controllers/message.py: 0
